TN:
SF:index.js
FN:30,(anonymous_0)
FN:31,(anonymous_1)
FN:47,(anonymous_2)
FN:64,(anonymous_3)
FN:68,(anonymous_4)
FN:73,(anonymous_5)
FN:86,(anonymous_6)
FNF:7
FNH:3
FNDA:1,(anonymous_0)
FNDA:0,(anonymous_1)
FNDA:10,(anonymous_2)
FNDA:0,(anonymous_3)
FNDA:0,(anonymous_4)
FNDA:0,(anonymous_5)
FNDA:1,(anonymous_6)
DA:1,1
DA:2,1
DA:3,1
DA:4,1
DA:5,1
DA:6,1
DA:7,1
DA:8,1
DA:11,1
DA:12,1
DA:14,1
DA:15,1
DA:16,1
DA:19,1
DA:21,1
DA:22,1
DA:27,1
DA:29,1
DA:30,1
DA:31,0
DA:33,1
DA:35,1
DA:47,1
DA:48,10
DA:49,10
DA:50,10
DA:51,10
DA:55,1
DA:58,1
DA:61,1
DA:62,1
DA:64,1
DA:65,0
DA:68,0
DA:69,0
DA:73,0
DA:75,0
DA:78,0
DA:84,1
DA:86,1
DA:87,1
DA:91,1
LF:42
LH:35
BRF:0
BRH:0
end_of_record
TN:
SF:controllers\Controller.js
FN:11,(anonymous_0)
FN:41,(anonymous_1)
FN:45,(anonymous_2)
FN:62,(anonymous_3)
FN:70,(anonymous_4)
FN:72,(anonymous_5)
FN:75,(anonymous_6)
FN:82,(anonymous_7)
FN:86,(anonymous_8)
FN:93,(anonymous_9)
FN:101,(anonymous_10)
FN:105,(anonymous_11)
FN:115,(anonymous_12)
FN:131,(anonymous_13)
FN:138,(anonymous_14)
FN:161,(anonymous_15)
FN:164,(anonymous_16)
FN:168,(anonymous_17)
FN:171,(anonymous_18)
FN:178,(anonymous_19)
FN:183,(anonymous_20)
FN:188,(anonymous_21)
FN:200,(anonymous_22)
FN:209,(anonymous_23)
FN:214,(anonymous_24)
FN:218,(anonymous_25)
FN:222,(anonymous_26)
FN:233,(anonymous_27)
FN:235,(anonymous_28)
FN:238,(anonymous_29)
FN:246,(anonymous_30)
FN:256,(anonymous_31)
FN:259,(anonymous_32)
FN:268,(anonymous_33)
FN:273,(anonymous_34)
FN:279,(anonymous_35)
FN:285,(anonymous_36)
FN:290,(anonymous_37)
FN:297,(anonymous_38)
FN:300,(anonymous_39)
FN:308,(anonymous_40)
FN:319,(anonymous_41)
FN:340,(anonymous_42)
FN:343,(anonymous_43)
FN:351,(anonymous_44)
FN:355,(anonymous_45)
FN:358,(anonymous_46)
FN:362,(anonymous_47)
FN:372,(anonymous_48)
FN:380,(anonymous_49)
FN:387,(anonymous_50)
FN:392,(anonymous_51)
FN:397,(anonymous_52)
FN:403,(anonymous_53)
FN:409,(anonymous_54)
FN:414,(anonymous_55)
FN:421,(anonymous_56)
FN:424,(anonymous_57)
FN:430,(anonymous_58)
FN:432,(anonymous_59)
FN:435,(anonymous_60)
FN:441,(anonymous_61)
FN:445,(anonymous_62)
FN:448,(anonymous_63)
FN:452,(anonymous_64)
FN:464,(anonymous_65)
FN:466,(anonymous_66)
FN:469,(anonymous_67)
FN:475,(anonymous_68)
FN:477,(anonymous_69)
FN:480,(anonymous_70)
FN:488,(anonymous_71)
FN:508,(anonymous_72)
FN:515,(anonymous_73)
FN:526,(anonymous_74)
FN:528,(anonymous_75)
FN:531,(anonymous_76)
FN:538,calculateTotal
FN:543,(anonymous_78)
FN:547,(anonymous_79)
FN:551,(anonymous_80)
FN:560,(anonymous_81)
FN:563,(anonymous_82)
FN:567,(anonymous_83)
FN:574,(anonymous_84)
FN:595,(anonymous_85)
FN:602,(anonymous_86)
FN:613,(anonymous_87)
FN:641,(anonymous_88)
FN:647,(anonymous_89)
FN:658,(anonymous_90)
FN:683,(anonymous_91)
FN:690,(anonymous_92)
FN:701,(anonymous_93)
FN:726,(anonymous_94)
FN:733,(anonymous_95)
FN:744,(anonymous_96)
FN:791,(anonymous_97)
FN:802,(anonymous_98)
FN:808,(anonymous_99)
FN:815,(anonymous_100)
FN:848,(anonymous_101)
FN:864,(anonymous_102)
FN:870,(anonymous_103)
FN:878,(anonymous_104)
FN:884,(anonymous_105)
FN:887,(anonymous_106)
FN:894,(anonymous_107)
FN:904,(anonymous_108)
FN:907,(anonymous_109)
FN:914,(anonymous_110)
FN:917,(anonymous_111)
FN:920,(anonymous_112)
FN:927,(anonymous_113)
FN:929,(anonymous_114)
FN:932,(anonymous_115)
FN:940,(anonymous_116)
FN:951,(anonymous_117)
FN:954,(anonymous_118)
FNF:119
FNH:13
FNDA:2,(anonymous_0)
FNDA:2,(anonymous_1)
FNDA:2,(anonymous_2)
FNDA:1,(anonymous_3)
FNDA:1,(anonymous_4)
FNDA:1,(anonymous_5)
FNDA:0,(anonymous_6)
FNDA:2,(anonymous_7)
FNDA:2,(anonymous_8)
FNDA:0,(anonymous_9)
FNDA:2,(anonymous_10)
FNDA:2,(anonymous_11)
FNDA:0,(anonymous_12)
FNDA:0,(anonymous_13)
FNDA:0,(anonymous_14)
FNDA:0,(anonymous_15)
FNDA:0,(anonymous_16)
FNDA:0,(anonymous_17)
FNDA:0,(anonymous_18)
FNDA:0,(anonymous_19)
FNDA:0,(anonymous_20)
FNDA:0,(anonymous_21)
FNDA:0,(anonymous_22)
FNDA:1,(anonymous_23)
FNDA:1,(anonymous_24)
FNDA:1,(anonymous_25)
FNDA:0,(anonymous_26)
FNDA:0,(anonymous_27)
FNDA:0,(anonymous_28)
FNDA:0,(anonymous_29)
FNDA:0,(anonymous_30)
FNDA:0,(anonymous_31)
FNDA:0,(anonymous_32)
FNDA:0,(anonymous_33)
FNDA:0,(anonymous_34)
FNDA:0,(anonymous_35)
FNDA:0,(anonymous_36)
FNDA:0,(anonymous_37)
FNDA:0,(anonymous_38)
FNDA:0,(anonymous_39)
FNDA:0,(anonymous_40)
FNDA:0,(anonymous_41)
FNDA:0,(anonymous_42)
FNDA:0,(anonymous_43)
FNDA:0,(anonymous_44)
FNDA:0,(anonymous_45)
FNDA:0,(anonymous_46)
FNDA:0,(anonymous_47)
FNDA:0,(anonymous_48)
FNDA:0,(anonymous_49)
FNDA:0,(anonymous_50)
FNDA:0,(anonymous_51)
FNDA:0,(anonymous_52)
FNDA:0,(anonymous_53)
FNDA:0,(anonymous_54)
FNDA:0,(anonymous_55)
FNDA:0,(anonymous_56)
FNDA:0,(anonymous_57)
FNDA:0,(anonymous_58)
FNDA:0,(anonymous_59)
FNDA:0,(anonymous_60)
FNDA:0,(anonymous_61)
FNDA:0,(anonymous_62)
FNDA:0,(anonymous_63)
FNDA:0,(anonymous_64)
FNDA:0,(anonymous_65)
FNDA:0,(anonymous_66)
FNDA:0,(anonymous_67)
FNDA:0,(anonymous_68)
FNDA:0,(anonymous_69)
FNDA:0,(anonymous_70)
FNDA:0,(anonymous_71)
FNDA:0,(anonymous_72)
FNDA:0,(anonymous_73)
FNDA:0,(anonymous_74)
FNDA:0,(anonymous_75)
FNDA:0,(anonymous_76)
FNDA:0,calculateTotal
FNDA:0,(anonymous_78)
FNDA:0,(anonymous_79)
FNDA:0,(anonymous_80)
FNDA:0,(anonymous_81)
FNDA:0,(anonymous_82)
FNDA:0,(anonymous_83)
FNDA:0,(anonymous_84)
FNDA:0,(anonymous_85)
FNDA:0,(anonymous_86)
FNDA:0,(anonymous_87)
FNDA:0,(anonymous_88)
FNDA:0,(anonymous_89)
FNDA:0,(anonymous_90)
FNDA:0,(anonymous_91)
FNDA:0,(anonymous_92)
FNDA:0,(anonymous_93)
FNDA:0,(anonymous_94)
FNDA:0,(anonymous_95)
FNDA:0,(anonymous_96)
FNDA:0,(anonymous_97)
FNDA:0,(anonymous_98)
FNDA:0,(anonymous_99)
FNDA:0,(anonymous_100)
FNDA:0,(anonymous_101)
FNDA:0,(anonymous_102)
FNDA:0,(anonymous_103)
FNDA:0,(anonymous_104)
FNDA:0,(anonymous_105)
FNDA:0,(anonymous_106)
FNDA:0,(anonymous_107)
FNDA:0,(anonymous_108)
FNDA:0,(anonymous_109)
FNDA:0,(anonymous_110)
FNDA:0,(anonymous_111)
FNDA:0,(anonymous_112)
FNDA:0,(anonymous_113)
FNDA:0,(anonymous_114)
FNDA:0,(anonymous_115)
FNDA:0,(anonymous_116)
FNDA:0,(anonymous_117)
FNDA:0,(anonymous_118)
DA:1,1
DA:2,1
DA:3,1
DA:4,1
DA:5,1
DA:6,1
DA:7,1
DA:11,1
DA:12,2
DA:13,2
DA:15,2
DA:16,2
DA:18,2
DA:20,1
DA:24,1
DA:25,1
DA:28,1
DA:30,0
DA:33,0
DA:34,0
DA:41,1
DA:42,2
DA:43,2
DA:44,2
DA:46,2
DA:54,1
DA:55,1
DA:62,1
DA:70,1
DA:71,1
DA:73,1
DA:76,0
DA:77,0
DA:82,1
DA:83,2
DA:85,2
DA:87,2
DA:88,2
DA:89,2
DA:91,0
DA:94,0
DA:95,0
DA:101,1
DA:102,2
DA:104,2
DA:106,2
DA:108,1
DA:109,1
DA:113,1
DA:117,0
DA:118,0
DA:119,0
DA:123,0
DA:124,0
DA:131,1
DA:132,0
DA:136,0
DA:139,0
DA:141,0
DA:142,0
DA:145,0
DA:146,0
DA:149,0
DA:150,0
DA:153,0
DA:154,0
DA:157,0
DA:159,0
DA:162,0
DA:165,0
DA:166,0
DA:169,0
DA:172,0
DA:173,0
DA:178,1
DA:179,0
DA:181,0
DA:184,0
DA:185,0
DA:188,0
DA:189,0
DA:190,0
DA:193,0
DA:202,0
DA:203,0
DA:209,1
DA:210,1
DA:213,1
DA:216,1
DA:219,1
DA:220,1
DA:223,0
DA:224,0
DA:225,0
DA:227,0
DA:233,1
DA:234,0
DA:236,0
DA:240,0
DA:241,0
DA:246,1
DA:247,0
DA:248,0
DA:249,0
DA:250,0
DA:252,0
DA:257,0
DA:260,0
DA:263,0
DA:268,1
DA:269,0
DA:271,0
DA:274,0
DA:275,0
DA:277,0
DA:280,0
DA:285,1
DA:286,0
DA:288,0
DA:291,0
DA:292,0
DA:295,0
DA:298,0
DA:301,0
DA:307,1
DA:308,1
DA:309,0
DA:311,0
DA:312,0
DA:320,0
DA:340,0
DA:341,0
DA:342,0
DA:344,0
DA:347,0
DA:351,1
DA:352,0
DA:354,0
DA:356,0
DA:359,0
DA:360,0
DA:363,0
DA:364,0
DA:365,0
DA:367,0
DA:372,1
DA:373,0
DA:374,0
DA:376,0
DA:381,0
DA:382,0
DA:384,0
DA:388,0
DA:389,0
DA:392,1
DA:393,0
DA:395,0
DA:398,0
DA:399,0
DA:401,0
DA:404,0
DA:409,1
DA:410,0
DA:412,0
DA:415,0
DA:416,0
DA:419,0
DA:422,0
DA:425,0
DA:430,1
DA:431,0
DA:433,0
DA:436,0
DA:437,0
DA:441,1
DA:442,0
DA:444,0
DA:446,0
DA:449,0
DA:450,0
DA:453,0
DA:454,0
DA:455,0
DA:457,0
DA:464,1
DA:465,0
DA:467,0
DA:470,0
DA:471,0
DA:475,1
DA:476,0
DA:478,0
DA:481,0
DA:482,0
DA:488,1
DA:489,0
DA:492,0
DA:506,0
DA:510,0
DA:513,0
DA:516,0
DA:519,0
DA:526,1
DA:527,0
DA:529,0
DA:532,0
DA:533,0
DA:538,1
DA:540,0
DA:543,0
DA:544,0
DA:547,0
DA:550,0
DA:553,0
DA:554,0
DA:560,1
DA:561,0
DA:564,0
DA:565,0
DA:568,0
DA:569,0
DA:574,1
DA:575,0
DA:576,0
DA:577,0
DA:579,0
DA:596,0
DA:597,0
DA:599,0
DA:603,0
DA:604,0
DA:607,0
DA:608,0
DA:613,1
DA:614,0
DA:615,0
DA:616,0
DA:618,0
DA:619,0
DA:620,0
DA:621,0
DA:623,0
DA:624,0
DA:626,0
DA:642,0
DA:643,0
DA:645,0
DA:648,0
DA:649,0
DA:652,0
DA:653,0
DA:658,1
DA:659,0
DA:660,0
DA:661,0
DA:663,0
DA:665,0
DA:667,0
DA:684,0
DA:685,0
DA:687,0
DA:691,0
DA:692,0
DA:695,0
DA:696,0
DA:701,1
DA:702,0
DA:703,0
DA:704,0
DA:706,0
DA:708,0
DA:710,0
DA:727,0
DA:728,0
DA:730,0
DA:734,0
DA:735,0
DA:738,0
DA:739,0
DA:744,1
DA:745,0
DA:746,0
DA:748,0
DA:749,0
DA:750,0
DA:751,0
DA:753,0
DA:754,0
DA:756,0
DA:792,0
DA:802,0
DA:803,0
DA:806,0
DA:809,0
DA:810,0
DA:815,1
DA:816,0
DA:849,0
DA:864,0
DA:865,0
DA:868,0
DA:871,0
DA:872,0
DA:878,1
DA:879,0
DA:880,0
DA:882,0
DA:885,0
DA:888,0
DA:889,0
DA:894,1
DA:895,0
DA:898,0
DA:899,0
DA:902,0
DA:905,0
DA:908,0
DA:909,0
DA:914,1
DA:915,0
DA:918,0
DA:921,0
DA:922,0
DA:927,1
DA:928,0
DA:930,0
DA:933,0
DA:934,0
DA:940,1
DA:941,0
DA:943,0
DA:952,0
DA:955,0
DA:956,0
DA:961,1
LF:335
LH:79
BRDA:18,0,0,1
BRDA:18,0,1,1
BRDA:33,1,0,0
BRDA:33,1,1,0
BRDA:87,2,0,2
BRDA:87,2,1,0
BRDA:106,3,0,1
BRDA:106,3,1,1
BRDA:117,4,0,0
BRDA:117,4,1,0
BRDA:141,5,0,0
BRDA:141,5,1,0
BRDA:145,6,0,0
BRDA:145,6,1,0
BRDA:145,7,0,0
BRDA:145,7,1,0
BRDA:145,7,2,0
BRDA:149,8,0,0
BRDA:149,8,1,0
BRDA:153,9,0,0
BRDA:153,9,1,0
BRDA:184,10,0,0
BRDA:184,10,1,0
BRDA:189,11,0,0
BRDA:189,11,1,0
BRDA:224,12,0,0
BRDA:224,12,1,0
BRDA:274,13,0,0
BRDA:274,13,1,0
BRDA:291,14,0,0
BRDA:291,14,1,0
BRDA:344,15,0,0
BRDA:344,15,1,0
BRDA:347,16,0,0
BRDA:347,16,1,0
BRDA:364,17,0,0
BRDA:364,17,1,0
BRDA:381,18,0,0
BRDA:381,18,1,0
BRDA:398,19,0,0
BRDA:398,19,1,0
BRDA:415,20,0,0
BRDA:415,20,1,0
BRDA:454,21,0,0
BRDA:454,21,1,0
BRDA:495,22,0,0
BRDA:495,22,1,0
BRDA:496,23,0,0
BRDA:496,23,1,0
BRDA:497,24,0,0
BRDA:497,24,1,0
BRDA:596,25,0,0
BRDA:596,25,1,0
BRDA:642,26,0,0
BRDA:642,26,1,0
BRDA:684,27,0,0
BRDA:684,27,1,0
BRDA:727,28,0,0
BRDA:727,28,1,0
BRF:59
BRH:5
end_of_record
TN:
SF:database\db.js
FN:6,(anonymous_0)
FNF:1
FNH:1
FNDA:1,(anonymous_0)
DA:1,1
DA:2,1
DA:4,1
DA:6,1
DA:7,1
DA:11,1
LF:6
LH:6
BRF:0
BRH:0
end_of_record
TN:
SF:models\Model.js
FNF:0
FNH:0
DA:1,1
DA:4,1
DA:19,1
DA:32,1
DA:40,1
DA:48,1
DA:62,1
DA:76,1
DA:98,1
LF:9
LH:9
BRF:0
BRH:0
end_of_record
TN:
SF:modulees\Module.js
FN:3,(anonymous_0)
FN:4,(anonymous_1)
FN:12,(anonymous_2)
FN:13,(anonymous_3)
FN:17,(anonymous_4)
FN:18,(anonymous_5)
FN:21,(anonymous_6)
FN:22,(anonymous_7)
FN:26,(anonymous_8)
FN:27,(anonymous_9)
FN:30,(anonymous_10)
FN:31,(anonymous_11)
FNF:12
FNH:3
FNDA:1,(anonymous_0)
FNDA:1,(anonymous_1)
FNDA:1,(anonymous_2)
FNDA:0,(anonymous_3)
FNDA:0,(anonymous_4)
FNDA:0,(anonymous_5)
FNDA:0,(anonymous_6)
FNDA:0,(anonymous_7)
FNDA:0,(anonymous_8)
FNDA:0,(anonymous_9)
FNDA:0,(anonymous_10)
FNDA:0,(anonymous_11)
DA:1,1
DA:3,1
DA:4,1
DA:6,1
DA:11,1
DA:12,1
DA:13,0
DA:17,1
DA:18,0
DA:19,0
DA:20,0
DA:21,0
DA:22,0
DA:26,1
DA:27,0
DA:28,0
DA:29,0
DA:30,0
DA:31,0
DA:35,1
LF:20
LH:9
BRF:0
BRH:0
end_of_record
TN:
SF:routes\router.js
FN:13,(anonymous_0)
FNF:1
FNH:0
FNDA:0,(anonymous_0)
DA:2,1
DA:3,1
DA:4,1
DA:7,1
DA:9,1
DA:10,1
DA:13,1
DA:14,0
DA:18,1
DA:19,1
DA:20,1
DA:21,1
DA:22,1
DA:23,1
DA:24,1
DA:25,1
DA:28,1
DA:29,1
DA:30,1
DA:31,1
DA:32,1
DA:33,1
DA:36,1
DA:37,1
DA:38,1
DA:41,1
DA:42,1
DA:45,1
DA:48,1
DA:51,1
DA:54,1
DA:56,1
DA:59,1
DA:62,1
DA:64,1
DA:67,1
DA:69,1
DA:72,1
DA:73,1
DA:74,1
DA:75,1
DA:76,1
DA:77,1
LF:43
LH:42
BRF:0
BRH:0
end_of_record
TN:
SF:utils\fileUpload.js
FN:14,ensureDirectoryExists
FN:16,(anonymous_1)
FN:17,(anonymous_2)
FN:20,checkDiskSpace
FN:22,(anonymous_4)
FN:29,(anonymous_5)
FN:35,(anonymous_6)
FN:37,(anonymous_7)
FN:38,(anonymous_8)
FN:45,(anonymous_9)
FN:49,(anonymous_10)
FN:59,(anonymous_11)
FN:67,(anonymous_12)
FNF:13
FNH:0
FNDA:0,ensureDirectoryExists
FNDA:0,(anonymous_1)
FNDA:0,(anonymous_2)
FNDA:0,checkDiskSpace
FNDA:0,(anonymous_4)
FNDA:0,(anonymous_5)
FNDA:0,(anonymous_6)
FNDA:0,(anonymous_7)
FNDA:0,(anonymous_8)
FNDA:0,(anonymous_9)
FNDA:0,(anonymous_10)
FNDA:0,(anonymous_11)
FNDA:0,(anonymous_12)
DA:1,1
DA:2,1
DA:3,1
DA:4,1
DA:5,1
DA:6,1
DA:9,1
DA:12,1
DA:15,0
DA:16,0
DA:17,0
DA:21,0
DA:23,0
DA:24,0
DA:26,0
DA:30,0
DA:34,1
DA:36,0
DA:37,0
DA:39,0
DA:40,0
DA:42,0
DA:46,0
DA:50,0
DA:54,1
DA:60,0
DA:61,0
DA:63,0
DA:64,0
DA:68,0
DA:69,0
DA:73,1
LF:32
LH:11
BRDA:23,0,0,0
BRDA:23,0,1,0
BRDA:39,1,0,0
BRDA:39,1,1,0
BRDA:60,2,0,0
BRDA:60,2,1,0
BRDA:60,3,0,0
BRDA:60,3,1,0
BRDA:60,3,2,0
BRF:9
BRH:0
end_of_record
